Server running on port 3000
Server running on port 3000
Server running on port 3000
Server running on port 3000
Server running on port 3000
Server running on port 3000
Server running on port 3000
Server running on port 3000
Server running on port 3000
Server running on port 3000
Server running on port 3000
Server running on port 3000
Server running on port 3000
Server running on port 3000
Server running on port 3000
Server running on port 3000
Server running on port 3000
Server running on port 3000
Server running on port 3000
Server running on port 3000
Server running on port 3000
Server running on port 3000
Server running on port 3000
Server running on port 3000
Server running on port 3000
Server running on port 3000
Server running on port 3000
Server running on port 3000
Server running on port 3000
Server running on port 3000
Server running on port 3000
Server running on port 3000
Server running on port 3000
Server running on port 3000
Server running on port 3000
Server running on port 3000
Server running on port 3000
Server running on port 3000
Server running on port 3000
Server running on port 3000
Server running on port 3000
Server running on port 3000
Server running on port 3000
Server running on port 3000
Server running on port 3000
Server running on port 3000
Server running on port 3000
Server running on port 3000
Server running on port 3000
Server running on port 3000
Server running on port 3000
Server running on port 3000
Server running on port 3000
Server running on port 3000
Server running on port 3000
Server running on port 3000
Server running on port 3000
Server running on port 3000
Server running on port 3000
Server running on port 3000
Server running on port 3000
Server running on port 3000
Server running on port 3000
Server running on port 3000
Server running on port 3000
Server running on port 3000
Server running on port 3000
Server running on port 3000
Server running on port 3000
Server running on port 3000
Server running on port 3000
Server running on port 3000
Server running on port 3000
Server running on port 3000
Server running on port 3000
Server running on port 3000
Server running on port 3000
Server running on port 3000
Server running on port 3000
Server running on port 3000
Server running on port 3000
Server running on port 3000
Server running on port 3000
Server running on port 3000
Server running on port 3000
Server running on port 3000
Server running on port 3000
Server running on port 3000
Server running on port 3000
Server running on port 3000
Server running on port 3000
Server running on port 3000
Server running on port 3000
Server running on port 3000
Server running on port 3000
Server running on port 3000
Server running on port 3000
Server running on port 3000
Server running on port 3000
Server running on port 3000
Server running on port 3000
Server running on port 3000
Server running on port 3000
Server running on port 3000
Server running on port 3000
Server running on port 3000
[2026-01-23T14:14:15.165Z] Dashboard page visited
[2026-01-23T14:14:23.817Z] About page visited
[2026-01-23T14:14:27.739Z] Projects page visited
[2026-01-23T14:14:30.390Z] Dashboard page visited
[2026-01-23T14:14:37.096Z] Dashboard page visited
[2026-01-23T14:14:40.664Z] Dashboard page visited
[2026-01-23T14:14:50.085Z] Dashboard page visited
[2026-01-23T14:18:32.211Z] Dashboard page visited
[2026-01-23T14:18:53.918Z] Projects page visited
[2026-01-23T14:18:56.601Z] About page visited
[2026-01-23T14:18:58.779Z] Projects page visited
[2026-01-23T14:19:00.421Z] About page visited
[2026-01-23T14:19:01.738Z] Projects page visited
[2026-01-23T14:19:03.424Z] About page visited
[2026-01-23T14:19:05.610Z] Blog page visited
[2026-01-23T14:19:07.458Z] Dashboard page visited
[2026-01-29T08:30:10.525Z] Dashboard page visited
[2026-01-29T08:37:56.872Z] Dashboard page visited
[2026-01-29T08:41:32.886Z] Dashboard page visited
[2026-01-29T08:54:02.842Z] Dashboard page visited
[2026-01-29T08:55:16.187Z] Dashboard page visited
[2026-01-29T12:51:22.235Z] Dashboard page visited
[2026-01-29T12:51:51.570Z] Dashboard page visited
[2026-01-29T12:51:53.709Z] Blog page visited
[2026-01-29T12:51:58.283Z] Dashboard page visited
[2026-01-29T13:04:34.653Z] Dashboard visited
[2026-01-29T13:13:57.095Z] Dashboard visited
[2026-01-29T13:14:03.391Z] About page visited
[2026-01-29T13:14:05.436Z] Projects page visited
[2026-01-29T13:14:10.872Z] Blog page visited
[2026-01-29T13:14:14.456Z] Contact page visited
[2026-01-29T13:22:11.457Z] About page visited
[2026-01-29T13:22:15.453Z] Dashboard visited
[2026-01-29T13:23:12.679Z] About page visited
[2026-01-29T13:23:15.124Z] Dashboard visited
[2026-01-29T13:33:10.952Z] Dashboard visited
[2026-01-29T13:33:20.305Z] Projects page visited
[2026-01-29T13:46:50.407Z] About page visited
[2026-01-29T13:46:55.618Z] Projects page visited
[2026-01-29T13:47:00.875Z] Dashboard visited
[2026-01-29T13:57:29.042Z] Dashboard visited
[2026-01-29T13:57:49.142Z] About page visited
[2026-01-29T13:57:56.625Z] Projects page visited
[2026-01-29T13:58:12.636Z] Blog page visited
[2026-01-29T13:58:17.429Z] Contact page visited
[2026-01-29T13:58:23.518Z] Dashboard visited
[2026-01-29T14:14:02.487Z] Projects page visited
[2026-01-29T14:17:48.566Z] Blog page visited
[2026-01-29T14:52:12.734Z] Blog page visited
[2026-01-29T14:52:21.544Z] Blog page visited
[2026-01-29T14:52:30.997Z] Blog page visited
[2026-01-29T14:52:49.470Z] Blog page visited
[2026-01-30T07:10:05.240Z] Blog page visited
[2026-01-30T15:24:07.371Z] Dashboard visited
[2026-01-30T15:25:48.217Z] Projects page visited
[2026-01-30T15:50:19.105Z] Dashboard visited
[2026-01-30T15:54:02.832Z] Projects page visited
[2026-02-01T05:41:49.996Z] Dashboard visited
[2026-02-02T15:05:24.650Z] Projects page visited
[2026-02-02T15:15:40.340Z] Contact page visited
[2026-02-02T15:26:43.372Z] About page visited
[2026-02-02T15:45:02.667Z] Dashboard visited
[2026-02-02T16:25:17.205Z] Dashboard visited
[2026-02-02T16:35:35.713Z] Projects page visited
[2026-02-02T16:55:22.738Z] Contact page visited
[2026-02-02T17:05:15.921Z] About page visited
[2026-02-02T18:46:32.140Z] Dashboard visited
[2026-02-02T19:02:31.035Z] Dashboard visited
